#
# There is insufficient memory for the Java Runtime Environment to continue.
# Native memory allocation (mmap) failed to map 578289664 bytes for committing reserved memory.
# Possible reasons:
#   The system is out of physical RAM or swap space
#   The process is running with CompressedOops enabled, and the Java Heap may be blocking the growth of the native heap
# Possible solutions:
#   Reduce memory load on the system
#   Increase physical memory or swap space
#   Check if swap backing store is full
#   Decrease Java heap size (-Xmx/-Xms)
#   Decrease number of Java threads
#   Decrease Java thread stack sizes (-Xss)
#   Set larger code cache with -XX:ReservedCodeCacheSize=
#   JVM is running with Zero Based Compressed Oops mode in which the Java heap is
#     placed in the first 32GB address space. The Java Heap base address is the
#     maximum limit for the native heap growth. Please use -XX:HeapBaseMinAddress
#     to set the Java Heap base and to place the Java Heap above 32GB virtual address.
# This output file may be truncated or incomplete.
#
#  Out of Memory Error (os_linux.cpp:2757), pid=10139, tid=0x00007f0ad36f6700
#
# JRE version: OpenJDK Runtime Environment (8.0_252-b09) (build 1.8.0_252-8u252-b09-1~18.04-b09)
# Java VM: OpenJDK 64-Bit Server VM (25.252-b09 mixed mode linux-amd64 compressed oops)
# Failed to write core dump. Core dumps have been disabled. To enable core dumping, try "ulimit -c unlimited" before starting Java again
#

---------------  T H R E A D  ---------------

Current thread (0x00007f0ae80fc000):  VMThread [stack: 0x00007f0ad35f7000,0x00007f0ad36f7000] [id=10143]

Stack: [0x00007f0ad35f7000,0x00007f0ad36f7000],  sp=0x00007f0ad36f5340,  free space=1016k
Native frames: (J=compiled Java code, j=interpreted, Vv=VM code, C=native code)
V  [libjvm.so+0xabcb22]
V  [libjvm.so+0x4de337]
V  [libjvm.so+0x8f6ad0]
V  [libjvm.so+0x8edb9e]
V  [libjvm.so+0x971536]
V  [libjvm.so+0x96019a]
V  [libjvm.so+0x960368]
V  [libjvm.so+0x960f70]
V  [libjvm.so+0x96732c]
V  [libjvm.so+0x96f405]
V  [libjvm.so+0x91dd08]
V  [libjvm.so+0xabe852]
V  [libjvm.so+0xac3446]
V  [libjvm.so+0xac16f5]
V  [libjvm.so+0xac1fce]
V  [libjvm.so+0xac2428]
V  [libjvm.so+0x8f3e62]

VM_Operation (0x00007f0a961ec710): ParallelGCFailedAllocation, mode: safepoint, requested by thread 0x00007f0a905c0800


---------------  P R O C E S S  ---------------

Java Threads: ( => current thread )
  0x00007f0aac00f800 JavaThread "Netty Epoll Server IO #3" daemon [_thread_blocked, id=10189, stack(0x00007f0a94de9000,0x00007f0a94eea000)]
  0x00007f0a9010e800 JavaThread "Chunk I/O Executor Thread-1" daemon [_thread_blocked, id=10184, stack(0x00007f0a94ae8000,0x00007f0a94be9000)]
  0x00007f0aac00b000 JavaThread "Netty Epoll Server IO #2" daemon [_thread_blocked, id=10180, stack(0x00007f0a94eea000,0x00007f0a94feb000)]
  0x00007f0abc0ee800 JavaThread "threadDeathWatcher-2-1" daemon [_thread_blocked, id=10176, stack(0x00007f0a95fec000,0x00007f0a960ed000)]
  0x00007f0aac009800 JavaThread "Netty Epoll Server IO #1" daemon [_thread_blocked, id=10175, stack(0x00007f0a970d1000,0x00007f0a971d2000)]
  0x00007f0a905c0800 JavaThread "File IO Thread" [_thread_blocked, id=10174, stack(0x00007f0a960ed000,0x00007f0a961ee000)]
  0x00007f0a905a7800 JavaThread "Server Watchdog" daemon [_thread_blocked, id=10173, stack(0x00007f0a977fe000,0x00007f0a978ff000)]
  0x00007f0a9051d800 JavaThread "Netty Epoll Server IO #0" daemon [_thread_in_native, id=10171, stack(0x00007f0a97cff000,0x00007f0a97e00000)]
  0x0000562e8b0a1800 JavaThread "JLine terminal non blocking reader thread" daemon [_thread_in_native, id=10166, stack(0x00007f0ad004f000,0x00007f0ad0150000)]
  0x00007f0a90001000 JavaThread "Server console handler" daemon [_thread_blocked, id=10160, stack(0x00007f0ad1264000,0x00007f0ad1365000)]
  0x00007f0ae800b000 JavaThread "DestroyJavaVM" [_thread_blocked, id=10140, stack(0x00007f0af0cc0000,0x00007f0af0dc0000)]
  0x00007f0ae901f800 JavaThread "Server thread" [_thread_blocked, id=10159, stack(0x00007f0ad15dc000,0x00007f0ad16dd000)]
  0x00007f0ae901e800 JavaThread "Server Infinisleeper" daemon [_thread_blocked, id=10158, stack(0x00007f0ad1466000,0x00007f0ad1567000)]
  0x00007f0ae8ff9000 JavaThread "Snooper Timer" daemon [_thread_blocked, id=10157, stack(0x00007f0ad1365000,0x00007f0ad1466000)]
  0x00007f0ae814e000 JavaThread "Service Thread" daemon [_thread_blocked, id=10149, stack(0x00007f0ad2ce2000,0x00007f0ad2de3000)]
  0x00007f0ae8141000 JavaThread "C1 CompilerThread1" daemon [_thread_blocked, id=10148, stack(0x00007f0ad2de4000,0x00007f0ad2ee4000)]
  0x00007f0ae813e800 JavaThread "C2 CompilerThread0" daemon [_thread_blocked, id=10147, stack(0x00007f0ad2ee5000,0x00007f0ad2fe5000)]
  0x00007f0ae813d000 JavaThread "Signal Dispatcher" daemon [_thread_blocked, id=10146, stack(0x00007f0ad2fe5000,0x00007f0ad30e6000)]
  0x00007f0ae810a000 JavaThread "Finalizer" daemon [_thread_blocked, id=10145, stack(0x00007f0ad33f4000,0x00007f0ad34f5000)]
  0x00007f0ae8105800 JavaThread "Reference Handler" daemon [_thread_blocked, id=10144, stack(0x00007f0ad34f5000,0x00007f0ad35f6000)]

Other Threads:
=>0x00007f0ae80fc000 VMThread [stack: 0x00007f0ad35f7000,0x00007f0ad36f7000] [id=10143]
  0x00007f0ae8150800 WatcherThread [stack: 0x00007f0ad2be2000,0x00007f0ad2ce2000] [id=10150]

VM state:at safepoint (normal execution)

VM Mutex/Monitor currently owned by a thread:  ([mutex/lock_event])
[0x00007f0ae8007490] ExpandHeap_lock - owner thread: 0x00007f0ae80fc000
[0x00007f0ae8007b10] Threads_lock - owner thread: 0x00007f0ae80fc000
[0x00007f0ae8008010] Heap_lock - owner thread: 0x00007f0a905c0800

heap address: 0x00000006c0000000, size: 4096 MB, Compressed Oops mode: Zero based, Oop shift amount: 3
Narrow klass base: 0x0000000000000000, Narrow klass shift: 3
Compressed class space size: 1073741824 Address: 0x00000007c0000000

Heap:
 PSYoungGen      total 1349632K, used 0K [0x000000076ab00000, 0x00000007c0000000, 0x00000007c0000000)
  eden space 1304064K, 0% used [0x000000076ab00000,0x000000076ab00000,0x00000007ba480000)
  from space 45568K, 0% used [0x00000007ba480000,0x00000007ba480000,0x00000007bd100000)
  to   space 48128K, 0% used [0x00000007bd100000,0x00000007bd100000,0x00000007c0000000)
 ParOldGen       total 1685504K, used 348183K [0x00000006c0000000, 0x0000000726e00000, 0x000000076ab00000)
  object space 1685504K, 20% used [0x00000006c0000000,0x00000006d5405d30,0x0000000726e00000)
 Metaspace       used 60365K, capacity 62442K, committed 62720K, reserved 1103872K
  class space    used 8151K, capacity 8677K, committed 8704K, reserved 1048576K

Card table byte_map: [0x00007f0aeca3e000,0x00007f0aed23f000] byte_map_base: 0x00007f0ae943e000

Marking Bits: (ParMarkBitMap*) 0x00007f0aeff483c0
 Begin Bits: [0x00007f0ac4000000, 0x00007f0ac8000000)
 End Bits:   [0x00007f0ac8000000, 0x00007f0acc000000)

Polling page: 0x00007f0af0dc9000

CodeCache: size=245760Kb used=56747Kb max_used=56767Kb free=189012Kb
 bounds [0x00007f0ad9000000, 0x00007f0adc800000, 0x00007f0ae8000000]
 total_blobs=14808 nmethods=14076 adapters=641
 compilation: enabled

Compilation events (10 events):
Event: 162987.742 Thread 0x00007f0ae8141000 24198       1       com.google.common.collect.RegularImmutableBiMap::isPartialView (2 bytes)
Event: 162987.742 Thread 0x00007f0ae8141000 nmethod 24198 0x00007f0adc70de50 code [0x00007f0adc70dfa0, 0x00007f0adc70e0b0]
Event: 163041.855 Thread 0x00007f0ae813e800 24199       4       divinerpg.objects.blocks.tile.container.ContainerModChest::func_75145_c (9 bytes)
Event: 163041.856 Thread 0x00007f0ae813e800 nmethod 24199 0x00007f0ad9e7f010 code [0x00007f0ad9e7f160, 0x00007f0ad9e7f208]
Event: 163076.462 Thread 0x00007f0ae8141000 24200       3       net.minecraftforge.event.entity.living.LivingEntityUseItemEvent$Finish::setup (26 bytes)
Event: 163076.464 Thread 0x00007f0ae8141000 nmethod 24200 0x00007f0adb49f7d0 code [0x00007f0adb49fb00, 0x00007f0adb4a1578]
Event: 163076.465 Thread 0x00007f0ae8141000 24201       3       net.minecraftforge.event.entity.living.LivingEntityUseItemEvent$Finish::getListenerList (4 bytes)
Event: 163076.465 Thread 0x00007f0ae8141000 nmethod 24201 0x00007f0ada18de10 code [0x00007f0ada18df80, 0x00007f0ada18e0f0]
Event: 163206.761 Thread 0x00007f0ae8141000 24202       3       net.minecraft.advancements.critereon.RecipeUnlockedTrigger$Listeners::func_193493_a (111 bytes)
Event: 163206.763 Thread 0x00007f0ae8141000 nmethod 24202 0x00007f0adb49df10 code [0x00007f0adb49e180, 0x00007f0adb49f138]

GC Heap History (10 events):
Event: 163094.472 GC heap after
Heap after GC invocations=1971 (full 4):
 PSYoungGen      total 1342464K, used 31390K [0x000000076ab00000, 0x00000007c0000000, 0x00000007c0000000)
  eden space 1292288K, 0% used [0x000000076ab00000,0x000000076ab00000,0x00000007b9900000)
  from space 50176K, 62% used [0x00000007b9900000,0x00000007bb7a7be0,0x00000007bca00000)
  to   space 49152K, 0% used [0x00000007bd000000,0x00000007bd000000,0x00000007c0000000)
 ParOldGen       total 1679872K, used 1647102K [0x00000006c0000000, 0x0000000726880000, 0x000000076ab00000)
  object space 1679872K, 98% used [0x00000006c0000000,0x000000072487f898,0x0000000726880000)
 Metaspace       used 60365K, capacity 62442K, committed 62720K, reserved 1103872K
  class space    used 8151K, capacity 8677K, committed 8704K, reserved 1048576K
}
Event: 163128.301 GC heap before
{Heap before GC invocations=1972 (full 4):
 PSYoungGen      total 1342464K, used 1323678K [0x000000076ab00000, 0x00000007c0000000, 0x00000007c0000000)
  eden space 1292288K, 100% used [0x000000076ab00000,0x00000007b9900000,0x00000007b9900000)
  from space 50176K, 62% used [0x00000007b9900000,0x00000007bb7a7be0,0x00000007bca00000)
  to   space 49152K, 0% used [0x00000007bd000000,0x00000007bd000000,0x00000007c0000000)
 ParOldGen       total 1679872K, used 1647102K [0x00000006c0000000, 0x0000000726880000, 0x000000076ab00000)
  object space 1679872K, 98% used [0x00000006c0000000,0x000000072487f898,0x0000000726880000)
 Metaspace       used 60365K, capacity 62442K, committed 62720K, reserved 1103872K
  class space    used 8151K, capacity 8677K, committed 8704K, reserved 1048576K
Event: 163128.327 GC heap after
Heap after GC invocations=1972 (full 4):
 PSYoungGen      total 1343488K, used 31042K [0x000000076ab00000, 0x00000007bfc00000, 0x00000007c0000000)
  eden space 1298432K, 0% used [0x000000076ab00000,0x000000076ab00000,0x00000007b9f00000)
  from space 45056K, 68% used [0x00000007bd000000,0x00000007bee50b68,0x00000007bfc00000)
  to   space 47616K, 0% used [0x00000007b9f00000,0x00000007b9f00000,0x00000007bcd80000)
 ParOldGen       total 1679872K, used 1647118K [0x00000006c0000000, 0x0000000726880000, 0x000000076ab00000)
  object space 1679872K, 98% used [0x00000006c0000000,0x0000000724883898,0x0000000726880000)
 Metaspace       used 60365K, capacity 62442K, committed 62720K, reserved 1103872K
  class space    used 8151K, capacity 8677K, committed 8704K, reserved 1048576K
}
Event: 163161.306 GC heap before
{Heap before GC invocations=1973 (full 4):
 PSYoungGen      total 1343488K, used 1329474K [0x000000076ab00000, 0x00000007bfc00000, 0x00000007c0000000)
  eden space 1298432K, 100% used [0x000000076ab00000,0x00000007b9f00000,0x00000007b9f00000)
  from space 45056K, 68% used [0x00000007bd000000,0x00000007bee50b68,0x00000007bfc00000)
  to   space 47616K, 0% used [0x00000007b9f00000,0x00000007b9f00000,0x00000007bcd80000)
 ParOldGen       total 1679872K, used 1647118K [0x00000006c0000000, 0x0000000726880000, 0x000000076ab00000)
  object space 1679872K, 98% used [0x00000006c0000000,0x0000000724883898,0x0000000726880000)
 Metaspace       used 60365K, capacity 62442K, committed 62720K, reserved 1103872K
  class space    used 8151K, capacity 8677K, committed 8704K, reserved 1048576K
Event: 163161.329 GC heap after
Heap after GC invocations=1973 (full 4):
 PSYoungGen      total 1346048K, used 28066K [0x000000076ab00000, 0x00000007bff80000, 0x00000007c0000000)
  eden space 1298432K, 0% used [0x000000076ab00000,0x000000076ab00000,0x00000007b9f00000)
  from space 47616K, 58% used [0x00000007b9f00000,0x00000007bba68b68,0x00000007bcd80000)
  to   space 46080K, 0% used [0x00000007bd280000,0x00000007bd280000,0x00000007bff80000)
 ParOldGen       total 1679872K, used 1647134K [0x00000006c0000000, 0x0000000726880000, 0x000000076ab00000)
  object space 1679872K, 98% used [0x00000006c0000000,0x0000000724887898,0x0000000726880000)
 Metaspace       used 60365K, capacity 62442K, committed 62720K, reserved 1103872K
  class space    used 8151K, capacity 8677K, committed 8704K, reserved 1048576K
}
Event: 163193.453 GC heap before
{Heap before GC invocations=1974 (full 4):
 PSYoungGen      total 1346048K, used 1326498K [0x000000076ab00000, 0x00000007bff80000, 0x00000007c0000000)
  eden space 1298432K, 100% used [0x000000076ab00000,0x00000007b9f00000,0x00000007b9f00000)
  from space 47616K, 58% used [0x00000007b9f00000,0x00000007bba68b68,0x00000007bcd80000)
  to   space 46080K, 0% used [0x00000007bd280000,0x00000007bd280000,0x00000007bff80000)
 ParOldGen       total 1679872K, used 1647134K [0x00000006c0000000, 0x0000000726880000, 0x000000076ab00000)
  object space 1679872K, 98% used [0x00000006c0000000,0x0000000724887898,0x0000000726880000)
 Metaspace       used 60365K, capacity 62442K, committed 62720K, reserved 1103872K
  class space    used 8151K, capacity 8677K, committed 8704K, reserved 1048576K
Event: 163193.478 GC heap after
Heap after GC invocations=1974 (full 4):
 PSYoungGen      total 1348096K, used 32864K [0x000000076ab00000, 0x00000007bfd80000, 0x00000007c0000000)
  eden space 1304064K, 0% used [0x000000076ab00000,0x000000076ab00000,0x00000007ba480000)
  from space 44032K, 74% used [0x00000007bd280000,0x00000007bf298050,0x00000007bfd80000)
  to   space 45568K, 0% used [0x00000007ba480000,0x00000007ba480000,0x00000007bd100000)
 ParOldGen       total 1679872K, used 1647166K [0x00000006c0000000, 0x0000000726880000, 0x000000076ab00000)
  object space 1679872K, 98% used [0x00000006c0000000,0x000000072488f898,0x0000000726880000)
 Metaspace       used 60365K, capacity 62442K, committed 62720K, reserved 1103872K
  class space    used 8151K, capacity 8677K, committed 8704K, reserved 1048576K
}
Event: 163210.759 GC heap before
{Heap before GC invocations=1975 (full 4):
 PSYoungGen      total 1348096K, used 1336928K [0x000000076ab00000, 0x00000007bfd80000, 0x00000007c0000000)
  eden space 1304064K, 100% used [0x000000076ab00000,0x00000007ba480000,0x00000007ba480000)
  from space 44032K, 74% used [0x00000007bd280000,0x00000007bf298050,0x00000007bfd80000)
  to   space 45568K, 0% used [0x00000007ba480000,0x00000007ba480000,0x00000007bd100000)
 ParOldGen       total 1679872K, used 1647166K [0x00000006c0000000, 0x0000000726880000, 0x000000076ab00000)
  object space 1679872K, 98% used [0x00000006c0000000,0x000000072488f898,0x0000000726880000)
 Metaspace       used 60365K, capacity 62442K, committed 62720K, reserved 1103872K
  class space    used 8151K, capacity 8677K, committed 8704K, reserved 1048576K
Event: 163210.822 GC heap after
Heap after GC invocations=1975 (full 4):
 PSYoungGen      total 1349632K, used 45552K [0x000000076ab00000, 0x00000007c0000000, 0x00000007c0000000)
  eden space 1304064K, 0% used [0x000000076ab00000,0x000000076ab00000,0x00000007ba480000)
  from space 45568K, 99% used [0x00000007ba480000,0x00000007bd0fc080,0x00000007bd100000)
  to   space 48128K, 0% used [0x00000007bd100000,0x00000007bd100000,0x00000007c0000000)
 ParOldGen       total 1685504K, used 1685001K [0x00000006c0000000, 0x0000000726e00000, 0x000000076ab00000)
  object space 1685504K, 99% used [0x00000006c0000000,0x0000000726d82520,0x0000000726e00000)
 Metaspace       used 60365K, capacity 62442K, committed 62720K, reserved 1103872K
  class space    used 8151K, capacity 8677K, committed 8704K, reserved 1048576K
}
Event: 163210.822 GC heap before
{Heap before GC invocations=1976 (full 5):
 PSYoungGen      total 1349632K, used 45552K [0x000000076ab00000, 0x00000007c0000000, 0x00000007c0000000)
  eden space 1304064K, 0% used [0x000000076ab00000,0x000000076ab00000,0x00000007ba480000)
  from space 45568K, 99% used [0x00000007ba480000,0x00000007bd0fc080,0x00000007bd100000)
  to   space 48128K, 0% used [0x00000007bd100000,0x00000007bd100000,0x00000007c0000000)
 ParOldGen       total 1685504K, used 1685001K [0x00000006c0000000, 0x0000000726e00000, 0x000000076ab00000)
  object space 1685504K, 99% used [0x00000006c0000000,0x0000000726d82520,0x0000000726e00000)
 Metaspace       used 60365K, capacity 62442K, committed 62720K, reserved 1103872K
  class space    used 8151K, capacity 8677K, committed 8704K, reserved 1048576K

Deoptimization events (10 events):
Event: 160559.104 Thread 0x00007f0ae901f800 Uncommon trap: reason=unstable_if action=reinterpret pc=0x00007f0adb49f3ac method=net.minecraft.network.play.server.SPacketEntityVelocity.<init>(IDDD)V @ 86
Event: 161589.955 Thread 0x00007f0ae901f800 Uncommon trap: reason=unstable_if action=reinterpret pc=0x00007f0adbcd857c method=net.minecraft.entity.projectile.EntityArrow.func_70071_h_()V @ 269
Event: 161616.118 Thread 0x00007f0ae901f800 Uncommon trap: reason=unstable_if action=reinterpret pc=0x00007f0adb8c5084 method=net.minecraft.entity.ai.EntityAIMoveIndoors.func_75250_a()Z @ 149
Event: 161651.954 Thread 0x00007f0ae901f800 Uncommon trap: reason=unstable_if action=reinterpret pc=0x00007f0adb5933c8 method=net.minecraft.network.play.server.SPacketEntityVelocity.<init>(IDDD)V @ 59
Event: 161752.558 Thread 0x00007f0ae901f800 Uncommon trap: reason=class_check action=maybe_recompile pc=0x00007f0adc044898 method=net.minecraft.pathfinding.WalkNodeProcessor.func_186318_b()Lnet/minecraft/pathfinding/PathPoint; @ 192
Event: 161799.144 Thread 0x00007f0ae901f800 Uncommon trap: reason=unstable_if action=reinterpret pc=0x00007f0adb3aea30 method=net.minecraft.village.Village.func_75565_j()V @ 54
Event: 161862.710 Thread 0x00007f0ae901f800 Uncommon trap: reason=unstable_if action=reinterpret pc=0x00007f0ad9d1034c method=net.minecraft.entity.ai.EntityAIAvoidEntity$1.apply(Lnet/minecraft/entity/Entity;)Z @ 4
Event: 161970.190 Thread 0x00007f0aac009800 Uncommon trap: reason=unstable_if action=reinterpret pc=0x00007f0ada78b650 method=org.apache.logging.log4j.core.impl.MutableLogEvent.getThrownProxy()Lorg/apache/logging/log4j/core/impl/ThrowableProxy; @ 11
Event: 161970.202 Thread 0x00007f0aac009800 Uncommon trap: reason=unstable_if action=reinterpret pc=0x00007f0ada27dc60 method=java.lang.ref.SoftReference.get()Ljava/lang/Object; @ 6
Event: 162011.639 Thread 0x00007f0ae901f800 Uncommon trap: reason=unstable_if action=reinterpret pc=0x00007f0adc012280 method=net.minecraft.entity.ai.EntityAIRestrictOpenDoor.func_75253_b()Z @ 10

Classes redefined (0 events):
No events

Internal exceptions (10 events):
Event: 161123.947 Thread 0x00007f0ae8ff9000 Exception <a 'java/net/ConnectException'> (0x00000007ad19bae0) thrown at [/build/openjdk-8-piDAoU/openjdk-8-8u252-b09/src/hotspot/src/share/vm/prims/jni.cpp, line 710]
Event: 161123.947 Thread 0x00007f0ae8ff9000 Exception <a 'java/security/PrivilegedActionException'> (0x00000007ad19bf20) thrown at [/build/openjdk-8-piDAoU/openjdk-8-8u252-b09/src/hotspot/src/share/vm/prims/jvm.cpp, line 1502]
Event: 161123.947 Thread 0x00007f0ae8ff9000 Exception <a 'java/security/PrivilegedActionException'> (0x00000007ad19c130) thrown at [/build/openjdk-8-piDAoU/openjdk-8-8u252-b09/src/hotspot/src/share/vm/prims/jvm.cpp, line 1502]
Event: 161970.202 Thread 0x00007f0aac009800 Implicit null exception at 0x00007f0ada27cc28 to 0x00007f0ada27dc49
Event: 162023.958 Thread 0x00007f0ae8ff9000 Exception <a 'java/net/ConnectException'> (0x000000079e4f8780) thrown at [/build/openjdk-8-piDAoU/openjdk-8-8u252-b09/src/hotspot/src/share/vm/prims/jni.cpp, line 710]
Event: 162023.958 Thread 0x00007f0ae8ff9000 Exception <a 'java/security/PrivilegedActionException'> (0x000000079e4f8b80) thrown at [/build/openjdk-8-piDAoU/openjdk-8-8u252-b09/src/hotspot/src/share/vm/prims/jvm.cpp, line 1502]
Event: 162023.958 Thread 0x00007f0ae8ff9000 Exception <a 'java/security/PrivilegedActionException'> (0x000000079e4f8d90) thrown at [/build/openjdk-8-piDAoU/openjdk-8-8u252-b09/src/hotspot/src/share/vm/prims/jvm.cpp, line 1502]
Event: 162923.960 Thread 0x00007f0ae8ff9000 Exception <a 'java/net/ConnectException'> (0x000000079b0d01b8) thrown at [/build/openjdk-8-piDAoU/openjdk-8-8u252-b09/src/hotspot/src/share/vm/prims/jni.cpp, line 710]
Event: 162923.960 Thread 0x00007f0ae8ff9000 Exception <a 'java/security/PrivilegedActionException'> (0x000000079b0d05f8) thrown at [/build/openjdk-8-piDAoU/openjdk-8-8u252-b09/src/hotspot/src/share/vm/prims/jvm.cpp, line 1502]
Event: 162923.960 Thread 0x00007f0ae8ff9000 Exception <a 'java/security/PrivilegedActionException'> (0x000000079b0d0808) thrown at [/build/openjdk-8-piDAoU/openjdk-8-8u252-b09/src/hotspot/src/share/vm/prims/jvm.cpp, line 1502]

Events (10 events):
Event: 163161.329 Executing VM operation: ParallelGCFailedAllocation done
Event: 163193.453 Executing VM operation: ParallelGCFailedAllocation
Event: 163193.478 Executing VM operation: ParallelGCFailedAllocation done
Event: 163199.947 Executing VM operation: RevokeBias
Event: 163199.947 Executing VM operation: RevokeBias done
Event: 163200.040 Executing VM operation: RevokeBias
Event: 163200.040 Executing VM operation: RevokeBias done
Event: 163206.761 Executing VM operation: RevokeBias
Event: 163206.761 Executing VM operation: RevokeBias done
Event: 163210.759 Executing VM operation: ParallelGCFailedAllocation


Dynamic libraries:
6c0000000-726e00000 rw-p 00000000 00:00 0 
749580000-76ab00000 ---p 00000000 00:00 0 
76ab00000-7c0000000 rw-p 00000000 00:00 0 
7c0000000-7c0880000 rw-p 00000000 00:00 0 
7c0880000-800000000 ---p 00000000 00:00 0 
562e891b8000-562e891b9000 r-xp 00000000 ca:01 271240                     /usr/lib/jvm/java-8-openjdk-amd64/jre/bin/java
562e893b8000-562e893b9000 r--p 00000000 ca:01 271240                     /usr/lib/jvm/java-8-openjdk-amd64/jre/bin/java
562e893b9000-562e893ba000 rw-p 00001000 ca:01 271240                     /usr/lib/jvm/java-8-openjdk-amd64/jre/bin/java
562e8b04e000-562e8b0cb000 rw-p 00000000 00:00 0                          [heap]
7f0a88000000-7f0a88539000 rw-p 00000000 00:00 0 
7f0a88539000-7f0a8c000000 ---p 00000000 00:00 0 
7f0a8cffd000-7f0a90000000 rw-p 00000000 00:00 0 
7f0a90000000-7f0a9085b000 rw-p 00000000 00:00 0 
7f0a9085b000-7f0a94000000 ---p 00000000 00:00 0 
7f0a941e5000-7f0a941e8000 ---p 00000000 00:00 0 
7f0a941e8000-7f0a943a6000 rw-p 00000000 00:00 0 
7f0a943a6000-7f0a944e6000 ---p 00000000 00:00 0 
7f0a944e6000-7f0a946e6000 rw-p 00000000 00:00 0 
7f0a946e6000-7f0a946e9000 ---p 00000000 00:00 0 
7f0a946e9000-7f0a947e7000 rw-p 00000000 00:00 0 
7f0a947e7000-7f0a947ea000 ---p 00000000 00:00 0 
7f0a947ea000-7f0a94ae8000 rw-p 00000000 00:00 0 
7f0a94ae8000-7f0a94aeb000 ---p 00000000 00:00 0 
7f0a94aeb000-7f0a94de9000 rw-p 00000000 00:00 0 
7f0a94de9000-7f0a94dec000 ---p 00000000 00:00 0 
7f0a94dec000-7f0a94eea000 rw-p 00000000 00:00 0 
7f0a94eea000-7f0a94eed000 ---p 00000000 00:00 0 
7f0a94eed000-7f0a95fec000 rw-p 00000000 00:00 0 
7f0a95fec000-7f0a95fef000 ---p 00000000 00:00 0 
7f0a95fef000-7f0a960ed000 rw-p 00000000 00:00 0 
7f0a960ed000-7f0a960f0000 ---p 00000000 00:00 0 
7f0a960f0000-7f0a963ee000 rw-p 00000000 00:00 0 
7f0a963ee000-7f0a965ee000 rw-p 00000000 00:00 0 
7f0a965ee000-7f0a967ee000 rw-p 00000000 00:00 0 
7f0a967ee000-7f0a967f9000 r-xp 00000000 ca:01 12587                      /tmp/libnetty-transport-native-epoll1847826148389780506.so (deleted)
7f0a967f9000-7f0a969f9000 ---p 0000b000 ca:01 12587                      /tmp/libnetty-transport-native-epoll1847826148389780506.so (deleted)
7f0a969f9000-7f0a969fa000 rw-p 0000b000 ca:01 12587                      /tmp/libnetty-transport-native-epoll1847826148389780506.so (deleted)
7f0a969fa000-7f0a96bfa000 rw-p 00000000 00:00 0 
7f0a96bfa000-7f0a96c01000 r-xp 00000000 ca:01 271257                     /usr/lib/jvm/java-8-openjdk-amd64/jre/lib/amd64/libawt_headless.so
7f0a96c01000-7f0a96e00000 ---p 00007000 ca:01 271257                     /usr/lib/jvm/java-8-openjdk-amd64/jre/lib/amd64/libawt_headless.so
7f0a96e00000-7f0a96e01000 r--p 00006000 ca:01 271257                     /usr/lib/jvm/java-8-openjdk-amd64/jre/lib/amd64/libawt_headless.so
7f0a96e01000-7f0a96e02000 rw-p 00007000 ca:01 271257                     /usr/lib/jvm/java-8-openjdk-amd64/jre/lib/amd64/libawt_headless.so
7f0a96e02000-7f0a96ea1000 r-xp 00000000 ca:01 271256                     /usr/lib/jvm/java-8-openjdk-amd64/jre/lib/amd64/libawt.so
7f0a96ea1000-7f0a970a0000 ---p 0009f000 ca:01 271256                     /usr/lib/jvm/java-8-openjdk-amd64/jre/lib/amd64/libawt.so
7f0a970a0000-7f0a970a1000 r--p 0009e000 ca:01 271256                     /usr/lib/jvm/java-8-openjdk-amd64/jre/lib/amd64/libawt.so
7f0a970a1000-7f0a970ac000 rw-p 0009f000 ca:01 271256                     /usr/lib/jvm/java-8-openjdk-amd64/jre/lib/amd64/libawt.so
7f0a970ac000-7f0a970d1000 rw-p 00000000 00:00 0 
7f0a970d1000-7f0a970d4000 ---p 00000000 00:00 0 
7f0a970d4000-7f0a973d2000 rw-p 00000000 00:00 0 
7f0a973d2000-7f0a975d2000 rw-p 00000000 00:00 0 
7f0a975d2000-7f0a975fa000 r-xp 00000000 ca:01 271283                     /usr/lib/jvm/java-8-openjdk-amd64/jre/lib/amd64/libsunec.so
7f0a975fa000-7f0a977f9000 ---p 00028000 ca:01 271283                     /usr/lib/jvm/java-8-openjdk-amd64/jre/lib/amd64/libsunec.so
7f0a977f9000-7f0a977fd000 r--p 00027000 ca:01 271283                     /usr/lib/jvm/java-8-openjdk-amd64/jre/lib/amd64/libsunec.so
7f0a977fd000-7f0a977fe000 rw-p 0002b000 ca:01 271283                     /usr/lib/jvm/java-8-openjdk-amd64/jre/lib/amd64/libsunec.so
7f0a977fe000-7f0a97801000 ---p 00000000 00:00 0 
7f0a97801000-7f0a97aff000 rw-p 00000000 00:00 0 
7f0a97aff000-7f0a97cff000 rw-p 00000000 00:00 0 
7f0a97cff000-7f0a97d02000 ---p 00000000 00:00 0 
7f0a97d02000-7f0a98000000 rw-p 00000000 00:00 0 
7f0a98000000-7f0a980be000 rw-p 00000000 00:00 0 
7f0a980be000-7f0a9c000000 ---p 00000000 00:00 0 
7f0a9c000000-7f0a9c021000 rw-p 00000000 00:00 0 
7f0a9c021000-7f0aa0000000 ---p 00000000 00:00 0 
7f0aa0000000-7f0aa0021000 rw-p 00000000 00:00 0 
7f0aa0021000-7f0aa4000000 ---p 00000000 00:00 0 
7f0aa4000000-7f0aa419c000 rw-p 00000000 00:00 0 
7f0aa419c000-7f0aa8000000 ---p 00000000 00:00 0 
7f0aa8000000-7f0aa8ea6000 rw-p 00000000 00:00 0 
7f0aa8ea6000-7f0aac000000 ---p 00000000 00:00 0 
7f0aac000000-7f0aac127000 rw-p 00000000 00:00 0 
7f0aac127000-7f0ab0000000 ---p 00000000 00:00 0 
7f0ab0000000-7f0ab004a000 rw-p 00000000 00:00 0 
7f0ab004a000-7f0ab4000000 ---p 00000000 00:00 0 
7f0ab4000000-7f0ab7ffe000 rw-p 00000000 00:00 0 
7f0ab7ffe000-7f0ab8000000 ---p 00000000 00:00 0 
7f0ab8000000-7f0ab8021000 rw-p 00000000 00:00 0 
7f0ab8021000-7f0abc000000 ---p 00000000 00:00 0 
7f0abc000000-7f0abc2d1000 rw-p 00000000 00:00 0 
7f0abc2d1000-7f0ac0000000 ---p 00000000 00:00 0 
7f0ac0000000-7f0ac0224000 rw-p 00000000 00:00 0 
7f0ac0224000-7f0ac4000000 ---p 00000000 00:00 0 
7f0ac4000000-7f0acc000000 rw-p 00000000 00:00 0 
7f0acc000000-7f0acc033000 rw-p 00000000 00:00 0 
7f0acc033000-7f0ad0000000 ---p 00000000 00:00 0 
7f0ad004f000-7f0ad0052000 ---p 00000000 00:00 0 
7f0ad0052000-7f0ad0350000 rw-p 00000000 00:00 0 
7f0ad0350000-7f0ad0550000 rw-p 00000000 00:00 0 
7f0ad0550000-7f0ad0750000 rw-p 00000000 00:00 0 
7f0ad0750000-7f0ad0950000 rw-p 00000000 00:00 0 
7f0ad0950000-7f0ad0b50000 rw-p 00000000 00:00 0 
7f0ad0b50000-7f0ad0b66000 r-xp 00000000 ca:01 271284                     /usr/lib/jvm/java-8-openjdk-amd64/jre/lib/amd64/libunpack.so
7f0ad0b66000-7f0ad0d65000 ---p 00016000 ca:01 271284                     /usr/lib/jvm/java-8-openjdk-amd64/jre/lib/amd64/libunpack.so
7f0ad0d65000-7f0ad0d67000 r--p 00015000 ca:01 271284                     /usr/lib/jvm/java-8-openjdk-amd64/jre/lib/amd64/libunpack.so
7f0ad0d67000-7f0ad0d68000 rw-p 00017000 ca:01 271284                     /usr/lib/jvm/java-8-openjdk-amd64/jre/lib/amd64/libunpack.so
7f0ad0d68000-7f0ad0f69000 rw-p 00000000 00:00 0 
7f0ad0f69000-7f0ad1169000 rw-p 00000000 00:00 0 
7f0ad11cf000-7f0ad1264000 r--s 01155000 ca:01 271637                     /home/ubuntu/minecraftserver/mods/DivineRPG-1.12.2-1.6.1.jar
7f0ad1264000-7f0ad1267000 ---p 00000000 00:00 0 
7f0ad1267000-7f0ad1365000 rw-p 00000000 00:00 0 
7f0ad1365000-7f0ad1368000 ---p 00000000 00:00 0 
7f0ad1368000-7f0ad1466000 rw-p 00000000 00:00 0 
7f0ad1466000-7f0ad1469000 ---p 00000000 00:00 0 
7f0ad1469000-7f0ad1567000 rw-p 00000000 00:00 0 
7f0ad15d1000-7f0ad15dc000 r--s 00095000 ca:01 271674                     /home/ubuntu/minecraftserver/mods/jei_1.12.2-4.15.0.293.jar
7f0ad15dc000-7f0ad15df000 ---p 00000000 00:00 0 
7f0ad15df000-7f0ad16dd000 rw-p 00000000 00:00 0 
7f0ad16dd000-7f0ad16f0000 r--s 00346000 ca:01 271328                     /usr/lib/jvm/java-8-openjdk-amd64/jre/lib/resources.jar
7f0ad16f0000-7f0ad16f3000 ---p 00000000 00:00 0 
7f0ad16f3000-7f0ad1929000 rw-p 00000000 00:00 0 
7f0ad1929000-7f0ad1b29000 rw-p 00000000 00:00 0 
7f0ad1b29000-7f0ad1b40000 r-xp 00000000 ca:01 2181                       /lib/x86_64-linux-gnu/libresolv-2.27.so
7f0ad1b40000-7f0ad1d40000 ---p 00017000 ca:01 2181                       /lib/x86_64-linux-gnu/libresolv-2.27.so
7f0ad1d40000-7f0ad1d41000 r--p 00017000 ca:01 2181                       /lib/x86_64-linux-gnu/libresolv-2.27.so
7f0ad1d41000-7f0ad1d42000 rw-p 00018000 ca:01 2181                       /lib/x86_64-linux-gnu/libresolv-2.27.so
7f0ad1d42000-7f0ad1d44000 rw-p 00000000 00:00 0 
7f0ad1d44000-7f0ad1d49000 r-xp 00000000 ca:01 2088                       /lib/x86_64-linux-gnu/libnss_dns-2.27.so
7f0ad1d49000-7f0ad1f49000 ---p 00005000 ca:01 2088                       /lib/x86_64-linux-gnu/libnss_dns-2.27.so
7f0ad1f49000-7f0ad1f4a000 r--p 00005000 ca:01 2088                       /lib/x86_64-linux-gnu/libnss_dns-2.27.so
7f0ad1f4a000-7f0ad1f4b000 rw-p 00006000 ca:01 2088                       /lib/x86_64-linux-gnu/libnss_dns-2.27.so
7f0ad1f4c000-7f0ad1f53000 r--s 00033000 ca:01 271675                     /home/ubuntu/minecraftserver/mods/backpack-3.0.2-1.12.2.jar
7f0ad1f53000-7f0ad2153000 rw-p 00000000 00:00 0 
7f0ad2153000-7f0ad215c000 r-xp 00000000 ca:01 271276                     /usr/lib/jvm/java-8-openjdk-amd64/jre/lib/amd64/libmanagement.so
7f0ad215c000-7f0ad235b000 ---p 00009000 ca:01 271276                     /usr/lib/jvm/java-8-openjdk-amd64/jre/lib/amd64/libmanagement.so
7f0ad235b000-7f0ad235c000 r--p 00008000 ca:01 271276                     /usr/lib/jvm/java-8-openjdk-amd64/jre/lib/amd64/libmanagement.so
7f0ad235c000-7f0ad235d000 rw-p 00009000 ca:01 271276                     /usr/lib/jvm/java-8-openjdk-amd64/jre/lib/amd64/libmanagement.so
7f0ad235d000-7f0ad255f000 r--s 01ad1000 ca:01 257455                     /home/ubuntu/minecraftserver/minecraft_server.1.12.2.jar
7f0ad255f000-7f0ad2562000 r--s 00011000 ca:01 271629                     /home/ubuntu/minecraftserver/libraries/net/sf/jopt-simple/jopt-simple/5.0.3/jopt-simple-5.0.3.jar
7f0ad2562000-7f0ad2564000 r--s 0000c000 ca:01 271625                     /home/ubuntu/minecraftserver/libraries/org/apache/maven/maven-artifact/3.5.3/maven-artifact-3.5.3.jar
7f0ad2564000-7f0ad258c000 r--s 00241000 ca:01 271620                     /home/ubuntu/minecraftserver/libraries/net/sf/trove4j/trove4j/3.0.3/trove4j-3.0.3.jar
7f0ad258c000-7f0ad258e000 r--s 0004c000 ca:01 271615                     /home/ubuntu/minecraftserver/libraries/java3d/vecmath/1.5.2/vecmath-1.5.2.jar
7f0ad258e000-7f0ad25d9000 r--s 003e1000 ca:01 271601                     /home/ubuntu/minecraftserver/libraries/org/scala-lang/scala-reflect/2.11.1/scala-reflect-2.11.1.jar
7f0ad25d9000-7f0ad26c9000 r--s 00be4000 ca:01 257490                     /home/ubuntu/minecraftserver/libraries/org/scala-lang/scala-compiler/2.11.1/scala-compiler-2.11.1.jar
7f0ad26c9000-7f0ad26cb000 r--s 00007000 ca:01 257470                     /home/ubuntu/minecraftserver/libraries/net/minecraft/launchwrapper/1.12/launchwrapper-1.12.jar
7f0ad26cb000-7f0ad26d0000 r--s 0005a000 ca:01 257466                     /home/ubuntu/minecraftserver/libraries/org/ow2/asm/asm-debug-all/5.2/asm-debug-all-5.2.jar
7f0ad26d0000-7f0ad26e7000 r-xp 00000000 ca:01 271278                     /usr/lib/jvm/java-8-openjdk-amd64/jre/lib/amd64/libnet.so
7f0ad26e7000-7f0ad28e6000 ---p 00017000 ca:01 271278                     /usr/lib/jvm/java-8-openjdk-amd64/jre/lib/amd64/libnet.so
7f0ad28e6000-7f0ad28e7000 r--p 00016000 ca:01 271278                     /usr/lib/jvm/java-8-openjdk-amd64/jre/lib/amd64/libnet.so
7f0ad28e7000-7f0ad28e8000 rw-p 00017000 ca:01 271278                     /usr/lib/jvm/java-8-openjdk-amd64/jre/lib/amd64/libnet.so
7f0ad28e8000-7f0ad28fa000 r-xp 00000000 ca:01 271279                     /usr/lib/jvm/java-8-openjdk-amd64/jre/lib/amd64/libnio.so
7f0ad28fa000-7f0ad2af9000 ---p 00012000 ca:01 271279                     /usr/lib/jvm/java-8-openjdk-amd64/jre/lib/amd64/libnio.so
7f0ad2af9000-7f0ad2afa000 r--p 00011000 ca:01 271279                     /usr/lib/jvm/java-8-openjdk-amd64/jre/lib/amd64/libnio.so
7f0ad2afa000-7f0ad2afb000 rw-p 00012000 ca:01 271279                     /usr/lib/jvm/java-8-openjdk-amd64/jre/lib/amd64/libnio.so
7f0ad2afb000-7f0ad2afc000 r--p 00000000 00:00 0 
7f0ad2afc000-7f0ad2afd000 r--s 00001000 ca:01 271611                     /home/ubuntu/minecraftserver/libraries/lzma/lzma/0.0.1/lzma-0.0.1.jar
7f0ad2afd000-7f0ad2b07000 r--s 00095000 ca:01 271607                     /home/ubuntu/minecraftserver/libraries/org/scala-lang/scala-xml_2.11/1.0.2/scala-xml_2.11-1.0.2.jar
7f0ad2b07000-7f0ad2b12000 r--s 000a7000 ca:01 271604                     /home/ubuntu/minecraftserver/libraries/org/scala-lang/scala-swing_2.11/1.0.1/scala-swing_2.11-1.0.1.jar
7f0ad2b12000-7f0ad2b1d000 r--s 0005c000 ca:01 271598                     /home/ubuntu/minecraftserver/libraries/org/scala-lang/scala-parser-combinators_2.11/1.0.1/scala-parser-combinators_2.11-1.0.1.jar
7f0ad2b1d000-7f0ad2b76000 r--s 004f0000 ca:01 271595                     /home/ubuntu/minecraftserver/libraries/org/scala-lang/scala-library/2.11.1/scala-library-2.11.1.jar
7f0ad2b76000-7f0ad2b7b000 r--s 0002e000 ca:01 271592                     /home/ubuntu/minecraftserver/libraries/org/scala-lang/plugins/scala-continuations-plugin_2.11.1/1.0.2_mc/scala-continuations-plugin_2.11.1-1.0.2_mc.jar
7f0ad2b7b000-7f0ad2b7d000 r--s 00005000 ca:01 271589                     /home/ubuntu/minecraftserver/libraries/org/scala-lang/plugins/scala-continuations-library_2.11/1.0.2_mc/scala-continuations-library_2.11-1.0.2_mc.jar
7f0ad2b7d000-7f0ad2b7f000 r--s 0000d000 ca:01 257487                     /home/ubuntu/minecraftserver/libraries/org/scala-lang/scala-actors-migration_2.11/1.1.0/scala-actors-migration_2.11-1.1.0.jar
7f0ad2b7f000-7f0ad2b83000 r--s 00032000 ca:01 257483                     /home/ubuntu/minecraftserver/libraries/com/typesafe/config/1.2.1/config-1.2.1.jar
7f0ad2b83000-7f0ad2ba9000 r--s 00241000 ca:01 257480                     /home/ubuntu/minecraftserver/libraries/com/typesafe/akka/akka-actor_2.11/2.3.3/akka-actor_2.11-2.3.3.jar
7f0ad2ba9000-7f0ad2bb1000 r--s 0008f000 ca:01 257474                     /home/ubuntu/minecraftserver/libraries/org/jline/jline/3.5.1/jline-3.5.1.jar
7f0ad2bb1000-7f0ad2bb3000 r--s 00016000 ca:01 271321                     /usr/lib/jvm/java-8-openjdk-amd64/jre/lib/jce.jar
7f0ad2bb3000-7f0ad2bb8000 r--s 000a7000 ca:01 271323                     /usr/lib/jvm/java-8-openjdk-amd64/jre/lib/jsse.jar
7f0ad2bb8000-7f0ad2be1000 r--s 00419000 ca:01 257453                     /home/ubuntu/minecraftserver/forge-1.12.2-14.23.5.2854.jar
7f0ad2be1000-7f0ad2be2000 ---p 00000000 00:00 0 
7f0ad2be2000-7f0ad2ce2000 rw-p 00000000 00:00 0 
7f0ad2ce2000-7f0ad2ce5000 ---p 00000000 00:00 0 
7f0ad2ce5000-7f0ad2de3000 rw-p 00000000 00:00 0 
7f0ad2de3000-7f0ad2de4000 ---p 00000000 00:00 0 
7f0ad2de4000-7f0ad2de7000 ---p 00000000 00:00 0 
7f0ad2de7000-7f0ad2ee4000 rw-p 00000000 00:00 0 
7f0ad2ee4000-7f0ad2ee5000 ---p 00000000 00:00 0 
7f0ad2ee5000-7f0ad2ee8000 ---p 00000000 00:00 0 
7f0ad2ee8000-7f0ad2fe5000 rw-p 00000000 00:00 0 
7f0ad2fe5000-7f0ad2fe8000 ---p 00000000 00:00 0 
7f0ad2fe8000-7f0ad30e6000 rw-p 00000000 00:00 0 
7f0ad30e6000-7f0ad3259000 r--p 00000000 ca:01 7797                       /usr/lib/locale/C.UTF-8/LC_COLLATE
7f0ad3259000-7f0ad33f4000 r--p 00000000 ca:01 7792                       /usr/lib/locale/locale-archive
7f0ad33f4000-7f0ad33f7000 ---p 00000000 00:00 0 
7f0ad33f7000-7f0ad34f5000 rw-p 00000000 00:00 0 
7f0ad34f5000-7f0ad34f8000 ---p 00000000 00:00 0 
7f0ad34f8000-7f0ad35f6000 rw-p 00000000 00:00 0 
7f0ad35f6000-7f0ad35f7000 ---p 00000000 00:00 0 
7f0ad35f7000-7f0ad4000000 rw-p 00000000 00:00 0 
7f0ad4000000-7f0ad4034000 rw-p 00000000 00:00 0 
7f0ad4034000-7f0ad8000000 ---p 00000000 00:00 0 
7f0ad8000000-7f0ad9000000 rw-p 00000000 00:00 0 
7f0ad9000000-7f0adc800000 rwxp 00000000 00:00 0 
7f0adc800000-7f0ae8000000 ---p 00000000 00:00 0 
7f0ae8000000-7f0ae9021000 rw-p 00000000 00:00 0 
7f0ae9021000-7f0aec000000 ---p 00000000 00:00 0 
7f0aec000000-7f0aec003000 r--s 0000f000 ca:01 271302                     /usr/lib/jvm/java-8-openjdk-amd64/jre/lib/ext/icedtea-sound.jar
7f0aec003000-7f0aec004000 r--s 0000d000 ca:01 271306                     /usr/lib/jvm/java-8-openjdk-amd64/jre/lib/ext/sunec.jar
7f0aec004000-7f0aec008000 r--s 0003a000 ca:01 271308                     /usr/lib/jvm/java-8-openjdk-amd64/jre/lib/ext/sunpkcs11.jar
7f0aec008000-7f0aec00e000 r--s 0003d000 ca:01 271307                     /usr/lib/jvm/java-8-openjdk-amd64/jre/lib/ext/sunjce_provider.jar
7f0aec00e000-7f0aec010000 r--s 00007000 ca:01 55672                      /usr/share/java/java-atk-wrapper.jar
7f0aec010000-7f0aec01a000 r--s 00116000 ca:01 271304                     /usr/lib/jvm/java-8-openjdk-amd64/jre/lib/ext/localedata.jar
7f0aec01a000-7f0aec035000 r--s 00394000 ca:01 271300                     /usr/lib/jvm/java-8-openjdk-amd64/jre/lib/ext/cldrdata.jar
7f0aec035000-7f0aec050000 r--s 001d6000 ca:01 271305                     /usr/lib/jvm/java-8-openjdk-amd64/jre/lib/ext/nashorn.jar
7f0aec050000-7f0aec09e000 rw-p 00000000 00:00 0 
7f0aec09e000-7f0aec270000 r--s 03ca5000 ca:01 271329                     /usr/lib/jvm/java-8-openjdk-amd64/jre/lib/rt.jar
7f0aec270000-7f0aec2e6000 rw-p 00000000 00:00 0 
7f0aec2e6000-7f0aec2e7000 ---p 00000000 00:00 0 
7f0aec2e7000-7f0aec3e7000 rw-p 00000000 00:00 0 
7f0aec3e7000-7f0aec3e8000 ---p 00000000 00:00 0 
7f0aec3e8000-7f0aec81f000 rw-p 00000000 00:00 0 
7f0aec81f000-7f0aeca3e000 ---p 00000000 00:00 0 
7f0aeca3e000-7f0aecd75000 rw-p 00000000 00:00 0 
7f0aecd75000-7f0aecf93000 ---p 00000000 00:00 0 
7f0aecf93000-7f0aed23e000 rw-p 00000000 00:00 0 
7f0aed23e000-7f0aed31f000 rw-p 00000000 00:00 0 
7f0aed31f000-7f0aed5ff000 ---p 00000000 00:00 0 
7f0aed5ff000-7f0aed607000 r-xp 00000000 ca:01 271286                     /usr/lib/jvm/java-8-openjdk-amd64/jre/lib/amd64/libzip.so
7f0aed607000-7f0aed806000 ---p 00008000 ca:01 271286                     /usr/lib/jvm/java-8-openjdk-amd64/jre/lib/amd64/libzip.so
7f0aed806000-7f0aed807000 r--p 00007000 ca:01 271286                     /usr/lib/jvm/java-8-openjdk-amd64/jre/lib/amd64/libzip.so
7f0aed807000-7f0aed808000 rw-p 00008000 ca:01 271286                     /usr/lib/jvm/java-8-openjdk-amd64/jre/lib/amd64/libzip.so
7f0aed808000-7f0aed813000 r-xp 00000000 ca:01 2089                       /lib/x86_64-linux-gnu/libnss_files-2.27.so
7f0aed813000-7f0aeda12000 ---p 0000b000 ca:01 2089                       /lib/x86_64-linux-gnu/libnss_files-2.27.so
7f0aeda12000-7f0aeda13000 r--p 0000a000 ca:01 2089                       /lib/x86_64-linux-gnu/libnss_files-2.27.so
7f0aeda13000-7f0aeda14000 rw-p 0000b000 ca:01 2089                       /lib/x86_64-linux-gnu/libnss_files-2.27.so
7f0aeda14000-7f0aeda1a000 rw-p 00000000 00:00 0 
7f0aeda1a000-7f0aeda31000 r-xp 00000000 ca:01 2086                       /lib/x86_64-linux-gnu/libnsl-2.27.so
7f0aeda31000-7f0aedc30000 ---p 00017000 ca:01 2086                       /lib/x86_64-linux-gnu/libnsl-2.27.so
7f0aedc30000-7f0aedc31000 r--p 00016000 ca:01 2086                       /lib/x86_64-linux-gnu/libnsl-2.27.so
7f0aedc31000-7f0aedc32000 rw-p 00017000 ca:01 2086                       /lib/x86_64-linux-gnu/libnsl-2.27.so
7f0aedc32000-7f0aedc34000 rw-p 00000000 00:00 0 
7f0aedc34000-7f0aedc3f000 r-xp 00000000 ca:01 2091                       /lib/x86_64-linux-gnu/libnss_nis-2.27.so
7f0aedc3f000-7f0aede3e000 ---p 0000b000 ca:01 2091                       /lib/x86_64-linux-gnu/libnss_nis-2.27.so
7f0aede3e000-7f0aede3f000 r--p 0000a000 ca:01 2091                       /lib/x86_64-linux-gnu/libnss_nis-2.27.so
7f0aede3f000-7f0aede40000 rw-p 0000b000 ca:01 2091                       /lib/x86_64-linux-gnu/libnss_nis-2.27.so
7f0aede40000-7f0aede48000 r-xp 00000000 ca:01 2087                       /lib/x86_64-linux-gnu/libnss_compat-2.27.so
7f0aede48000-7f0aee048000 ---p 00008000 ca:01 2087                       /lib/x86_64-linux-gnu/libnss_compat-2.27.so
7f0aee048000-7f0aee049000 r--p 00008000 ca:01 2087                       /lib/x86_64-linux-gnu/libnss_compat-2.27.so
7f0aee049000-7f0aee04a000 rw-p 00009000 ca:01 2087                       /lib/x86_64-linux-gnu/libnss_compat-2.27.so
7f0aee04a000-7f0aee074000 r-xp 00000000 ca:01 271267                     /usr/lib/jvm/java-8-openjdk-amd64/jre/lib/amd64/libjava.so
7f0aee074000-7f0aee273000 ---p 0002a000 ca:01 271267                     /usr/lib/jvm/java-8-openjdk-amd64/jre/lib/amd64/libjava.so
7f0aee273000-7f0aee274000 r--p 00029000 ca:01 271267                     /usr/lib/jvm/java-8-openjdk-amd64/jre/lib/amd64/libjava.so
7f0aee274000-7f0aee276000 rw-p 0002a000 ca:01 271267                     /usr/lib/jvm/java-8-openjdk-amd64/jre/lib/amd64/libjava.so
7f0aee276000-7f0aee286000 r-xp 00000000 ca:01 271285                     /usr/lib/jvm/java-8-openjdk-amd64/jre/lib/amd64/libverify.so
7f0aee286000-7f0aee485000 ---p 00010000 ca:01 271285                     /usr/lib/jvm/java-8-openjdk-amd64/jre/lib/amd64/libverify.so
7f0aee485000-7f0aee487000 r--p 0000f000 ca:01 271285                     /usr/lib/jvm/java-8-openjdk-amd64/jre/lib/amd64/libverify.so
7f0aee487000-7f0aee488000 rw-p 00011000 ca:01 271285                     /usr/lib/jvm/java-8-openjdk-amd64/jre/lib/amd64/libverify.so
7f0aee488000-7f0aee48f000 r-xp 00000000 ca:01 2182                       /lib/x86_64-linux-gnu/librt-2.27.so
7f0aee48f000-7f0aee68e000 ---p 00007000 ca:01 2182                       /lib/x86_64-linux-gnu/librt-2.27.so
7f0aee68e000-7f0aee68f000 r--p 00006000 ca:01 2182                       /lib/x86_64-linux-gnu/librt-2.27.so
7f0aee68f000-7f0aee690000 rw-p 00007000 ca:01 2182                       /lib/x86_64-linux-gnu/librt-2.27.so
7f0aee690000-7f0aee6a7000 r-xp 00000000 ca:01 2065                       /lib/x86_64-linux-gnu/libgcc_s.so.1 (deleted)
7f0aee6a7000-7f0aee8a6000 ---p 00017000 ca:01 2065                       /lib/x86_64-linux-gnu/libgcc_s.so.1 (deleted)
7f0aee8a6000-7f0aee8a7000 r--p 00016000 ca:01 2065                       /lib/x86_64-linux-gnu/libgcc_s.so.1 (deleted)
7f0aee8a7000-7f0aee8a8000 rw-p 00017000 ca:01 2065                       /lib/x86_64-linux-gnu/libgcc_s.so.1 (deleted)
7f0aee8a8000-7f0aeea45000 r-xp 00000000 ca:01 2083                       /lib/x86_64-linux-gnu/libm-2.27.so
7f0aeea45000-7f0aeec44000 ---p 0019d000 ca:01 2083                       /lib/x86_64-linux-gnu/libm-2.27.so
7f0aeec44000-7f0aeec45000 r--p 0019c000 ca:01 2083                       /lib/x86_64-linux-gnu/libm-2.27.so
7f0aeec45000-7f0aeec46000 rw-p 0019d000 ca:01 2083                       /lib/x86_64-linux-gnu/libm-2.27.so
7f0aeec46000-7f0aeedc4000 r-xp 00000000 ca:01 6260                       /usr/lib/x86_64-linux-gnu/libstdc++.so.6.0.25 (deleted)
7f0aeedc4000-7f0aeefc4000 ---p 0017e000 ca:01 6260                       /usr/lib/x86_64-linux-gnu/libstdc++.so.6.0.25 (deleted)
7f0aeefc4000-7f0aeefce000 r--p 0017e000 ca:01 6260                       /usr/lib/x86_64-linux-gnu/libstdc++.so.6.0.25 (deleted)
7f0aeefce000-7f0aeefd0000 rw-p 00188000 ca:01 6260                       /usr/lib/x86_64-linux-gnu/libstdc++.so.6.0.25 (deleted)
7f0aeefd0000-7f0aeefd4000 rw-p 00000000 00:00 0 
7f0aeefd4000-7f0aefc78000 r-xp 00000000 ca:01 271289                     /usr/lib/jvm/java-8-openjdk-amd64/jre/lib/amd64/server/libjvm.so
7f0aefc78000-7f0aefe78000 ---p 00ca4000 ca:01 271289                     /usr/lib/jvm/java-8-openjdk-amd64/jre/lib/amd64/server/libjvm.so
7f0aefe78000-7f0aeff0c000 r--p 00ca4000 ca:01 271289                     /usr/lib/jvm/java-8-openjdk-amd64/jre/lib/amd64/server/libjvm.so
7f0aeff0c000-7f0aeff35000 rw-p 00d38000 ca:01 271289                     /usr/lib/jvm/java-8-openjdk-amd64/jre/lib/amd64/server/libjvm.so
7f0aeff35000-7f0aeff65000 rw-p 00000000 00:00 0 
7f0aeff65000-7f0aeff7f000 r-xp 00000000 ca:01 2180                       /lib/x86_64-linux-gnu/libpthread-2.27.so
7f0aeff7f000-7f0af017e000 ---p 0001a000 ca:01 2180                       /lib/x86_64-linux-gnu/libpthread-2.27.so
7f0af017e000-7f0af017f000 r--p 00019000 ca:01 2180                       /lib/x86_64-linux-gnu/libpthread-2.27.so
7f0af017f000-7f0af0180000 rw-p 0001a000 ca:01 2180                       /lib/x86_64-linux-gnu/libpthread-2.27.so
7f0af0180000-7f0af0184000 rw-p 00000000 00:00 0 
7f0af0184000-7f0af0187000 r-xp 00000000 ca:01 2082                       /lib/x86_64-linux-gnu/libdl-2.27.so
7f0af0187000-7f0af0386000 ---p 00003000 ca:01 2082                       /lib/x86_64-linux-gnu/libdl-2.27.so
7f0af0386000-7f0af0387000 r--p 00002000 ca:01 2082                       /lib/x86_64-linux-gnu/libdl-2.27.so
7f0af0387000-7f0af0388000 rw-p 00003000 ca:01 2082                       /lib/x86_64-linux-gnu/libdl-2.27.so
7f0af0388000-7f0af03a4000 r-xp 00000000 ca:01 2185                       /lib/x86_64-linux-gnu/libz.so.1.2.11
7f0af03a4000-7f0af05a3000 ---p 0001c000 ca:01 2185                       /lib/x86_64-linux-gnu/libz.so.1.2.11
7f0af05a3000-7f0af05a4000 r--p 0001b000 ca:01 2185                       /lib/x86_64-linux-gnu/libz.so.1.2.11
7f0af05a4000-7f0af05a5000 rw-p 0001c000 ca:01 2185                       /lib/x86_64-linux-gnu/libz.so.1.2.11
7f0af05a5000-7f0af078c000 r-xp 00000000 ca:01 2079                       /lib/x86_64-linux-gnu/libc-2.27.so
7f0af078c000-7f0af098c000 ---p 001e7000 ca:01 2079                       /lib/x86_64-linux-gnu/libc-2.27.so
7f0af098c000-7f0af0990000 r--p 001e7000 ca:01 2079                       /lib/x86_64-linux-gnu/libc-2.27.so
7f0af0990000-7f0af0992000 rw-p 001eb000 ca:01 2079                       /lib/x86_64-linux-gnu/libc-2.27.so
7f0af0992000-7f0af0996000 rw-p 00000000 00:00 0 
7f0af0996000-7f0af09a4000 r-xp 00000000 ca:01 271253                     /usr/lib/jvm/java-8-openjdk-amd64/jre/lib/amd64/jli/libjli.so
7f0af09a4000-7f0af0ba3000 ---p 0000e000 ca:01 271253                     /usr/lib/jvm/java-8-openjdk-amd64/jre/lib/amd64/jli/libjli.so
7f0af0ba3000-7f0af0ba4000 r--p 0000d000 ca:01 271253                     /usr/lib/jvm/java-8-openjdk-amd64/jre/lib/amd64/jli/libjli.so
7f0af0ba4000-7f0af0ba5000 rw-p 0000e000 ca:01 271253                     /usr/lib/jvm/java-8-openjdk-amd64/jre/lib/amd64/jli/libjli.so
7f0af0ba5000-7f0af0bcc000 r-xp 00000000 ca:01 2075                       /lib/x86_64-linux-gnu/ld-2.27.so
7f0af0bcc000-7f0af0bce000 r--s 00001000 ca:01 271301                     /usr/lib/jvm/java-8-openjdk-amd64/jre/lib/ext/dnsns.jar
7f0af0bce000-7f0af0bcf000 r--s 0000a000 ca:01 271303                     /usr/lib/jvm/java-8-openjdk-amd64/jre/lib/ext/jaccess.jar
7f0af0bcf000-7f0af0bd0000 r--s 00010000 ca:01 271309                     /usr/lib/jvm/java-8-openjdk-amd64/jre/lib/ext/zipfs.jar
7f0af0bd0000-7f0af0c01000 r--p 00000000 ca:01 7798                       /usr/lib/locale/C.UTF-8/LC_CTYPE
7f0af0c01000-7f0af0c02000 r--p 00000000 ca:01 7803                       /usr/lib/locale/C.UTF-8/LC_NUMERIC
7f0af0c02000-7f0af0c03000 r--p 00000000 ca:01 7806                       /usr/lib/locale/C.UTF-8/LC_TIME
7f0af0c03000-7f0af0c04000 r--p 00000000 ca:01 7801                       /usr/lib/locale/C.UTF-8/LC_MONETARY
7f0af0c04000-7f0af0c05000 r--p 00000000 ca:01 7795                       /usr/lib/locale/C.UTF-8/LC_MESSAGES/SYS_LC_MESSAGES
7f0af0c05000-7f0af0c0c000 r--s 00000000 ca:01 5017                       /usr/lib/x86_64-linux-gnu/gconv/gconv-modules.cache
7f0af0c0c000-7f0af0cb7000 rw-p 00000000 00:00 0 
7f0af0cb7000-7f0af0cbf000 rw-s 00000000 ca:01 271638                     /tmp/hsperfdata_ubuntu/10139
7f0af0cbf000-7f0af0cc0000 ---p 00000000 00:00 0 
7f0af0cc0000-7f0af0cc3000 ---p 00000000 00:00 0 
7f0af0cc3000-7f0af0dc2000 rw-p 00000000 00:00 0 
7f0af0dc2000-7f0af0dc3000 r--p 00000000 ca:01 7804                       /usr/lib/locale/C.UTF-8/LC_PAPER
7f0af0dc3000-7f0af0dc4000 r--p 00000000 ca:01 7802                       /usr/lib/locale/C.UTF-8/LC_NAME
7f0af0dc4000-7f0af0dc5000 r--p 00000000 ca:01 7796                       /usr/lib/locale/C.UTF-8/LC_ADDRESS
7f0af0dc5000-7f0af0dc6000 r--p 00000000 ca:01 7805                       /usr/lib/locale/C.UTF-8/LC_TELEPHONE
7f0af0dc6000-7f0af0dc7000 r--p 00000000 ca:01 7800                       /usr/lib/locale/C.UTF-8/LC_MEASUREMENT
7f0af0dc7000-7f0af0dc8000 r--p 00000000 ca:01 7799                       /usr/lib/locale/C.UTF-8/LC_IDENTIFICATION
7f0af0dc8000-7f0af0dc9000 rw-p 00000000 00:00 0 
7f0af0dc9000-7f0af0dca000 ---p 00000000 00:00 0 
7f0af0dca000-7f0af0dcc000 rw-p 00000000 00:00 0 
7f0af0dcc000-7f0af0dcd000 r--p 00027000 ca:01 2075                       /lib/x86_64-linux-gnu/ld-2.27.so
7f0af0dcd000-7f0af0dce000 rw-p 00028000 ca:01 2075                       /lib/x86_64-linux-gnu/ld-2.27.so
7f0af0dce000-7f0af0dcf000 rw-p 00000000 00:00 0 
7ffd11701000-7ffd11722000 rw-p 00000000 00:00 0                          [stack]
7ffd1176f000-7ffd11772000 r--p 00000000 00:00 0                          [vvar]
7ffd11772000-7ffd11774000 r-xp 00000000 00:00 0                          [vdso]
ffffffffff600000-ffffffffff601000 r-xp 00000000 00:00 0                  [vsyscall]

VM Arguments:
jvm_args: -Xms1024M -Xmx4G 
java_command: forge-1.12.2-14.23.5.2854.jar nogui
java_class_path (initial): forge-1.12.2-14.23.5.2854.jar
Launcher Type: SUN_STANDARD

Environment Variables:
PATH=/usr/local/sbin:/usr/local/bin:/usr/sbin:/usr/bin:/sbin:/bin:/usr/games:/usr/local/games:/snap/bin
SHELL=/bin/bash

Signal Handlers:
SIGSEGV: [libjvm.so+0xabd470], sa_mask[0]=11111111011111111101111111111110, sa_flags=SA_RESTART|SA_SIGINFO
SIGBUS: [libjvm.so+0xabd470], sa_mask[0]=11111111011111111101111111111110, sa_flags=SA_RESTART|SA_SIGINFO
SIGFPE: [libjvm.so+0x8f1c90], sa_mask[0]=11111111011111111101111111111110, sa_flags=SA_RESTART|SA_SIGINFO
SIGPIPE: [libjvm.so+0x8f1c90], sa_mask[0]=11111111011111111101111111111110, sa_flags=SA_RESTART|SA_SIGINFO
SIGXFSZ: [libjvm.so+0x8f1c90], sa_mask[0]=11111111011111111101111111111110, sa_flags=SA_RESTART|SA_SIGINFO
SIGILL: [libjvm.so+0x8f1c90], sa_mask[0]=11111111011111111101111111111110, sa_flags=SA_RESTART|SA_SIGINFO
SIGUSR1: SIG_DFL, sa_mask[0]=00000000000000000000000000000000, sa_flags=none
SIGUSR2: [libjvm.so+0x8f1b40], sa_mask[0]=00000000000000000000000000000000, sa_flags=SA_RESTART|SA_SIGINFO
SIGHUP: [libjvm.so+0x8f21b0], sa_mask[0]=11111111011111111101111111111110, sa_flags=SA_RESTART|SA_SIGINFO
SIGINT: [libjvm.so+0x8f21b0], sa_mask[0]=11111111011111111101111111111110, sa_flags=SA_RESTART|SA_SIGINFO
SIGTERM: [libjvm.so+0x8f21b0], sa_mask[0]=11111111011111111101111111111110, sa_flags=SA_RESTART|SA_SIGINFO
SIGQUIT: [libjvm.so+0x8f21b0], sa_mask[0]=11111111011111111101111111111110, sa_flags=SA_RESTART|SA_SIGINFO


---------------  S Y S T E M  ---------------

OS:DISTRIB_ID=Ubuntu
DISTRIB_RELEASE=18.04
DISTRIB_CODENAME=bionic
DISTRIB_DESCRIPTION="Ubuntu 18.04.1 LTS"

uname:Linux 4.15.0-1021-aws #21-Ubuntu SMP Tue Aug 28 10:23:07 UTC 2018 x86_64
libc:glibc 2.27 NPTL 2.27 
rlimit: STACK 8192k, CORE 0k, NPROC 15680, NOFILE 1048576, AS infinity
load average:0.22 0.25 0.22

/proc/meminfo:
MemTotal:        4038192 kB
MemFree:          143344 kB
MemAvailable:     261608 kB
Buffers:           87276 kB
Cached:           212176 kB
SwapCached:            0 kB
Active:          3672948 kB
Inactive:          83496 kB
Active(anon):    3461736 kB
Inactive(anon):       92 kB
Active(file):     211212 kB
Inactive(file):    83404 kB
Unevictable:        5408 kB
Mlocked:            5408 kB
SwapTotal:             0 kB
SwapFree:              0 kB
Dirty:              1984 kB
Writeback:             0 kB
AnonPages:       3462428 kB
Mapped:            53228 kB
Shmem:               796 kB
Slab:              92152 kB
SReclaimable:      51456 kB
SUnreclaim:        40696 kB
KernelStack:        2768 kB
PageTables:        10872 kB
NFS_Unstable:          0 kB
Bounce:                0 kB
WritebackTmp:          0 kB
CommitLimit:     2019096 kB
Committed_AS:    3883376 kB
VmallocTotal:   34359738367 kB
VmallocUsed:           0 kB
VmallocChunk:          0 kB
HardwareCorrupted:     0 kB
AnonHugePages:         0 kB
ShmemHugePages:        0 kB
ShmemPmdMapped:        0 kB
CmaTotal:              0 kB
CmaFree:               0 kB
HugePages_Total:       0
HugePages_Free:        0
HugePages_Rsvd:        0
HugePages_Surp:        0
Hugepagesize:       2048 kB
DirectMap4k:      100352 kB
DirectMap2M:     4093952 kB

container (cgroup) information:
container_type: cgroupv1
cpu_cpuset_cpus: 0-1
cpu_memory_nodes: 0
active_processor_count: 2
cpu_quota: -1
cpu_period: 100000
cpu_shares: -1
memory_limit_in_bytes: -1
memory_and_swap_limit_in_bytes: -2
memory_soft_limit_in_bytes: -1
memory_usage_in_bytes: 3570221056
memory_max_usage_in_bytes: 3570221056


CPU:total 2 (initial active 2) (2 cores per cpu, 1 threads per core) family 6 model 79 stepping 1, cmov, cx8, fxsr, mmx, sse, sse2, sse3, ssse3, sse4.1, sse4.2, popcnt, avx, avx2, aes, clmul, erms, lzcnt, tsc, bmi1, bmi2

/proc/cpuinfo:
processor	: 0
vendor_id	: GenuineIntel
cpu family	: 6
model		: 79
model name	: Intel(R) Xeon(R) CPU E5-2686 v4 @ 2.30GHz
stepping	: 1
microcode	: 0xb000038
cpu MHz		: 2299.983
cache size	: 46080 KB
physical id	: 0
siblings	: 2
core id		: 0
cpu cores	: 2
apicid		: 0
initial apicid	: 0
fpu		: yes
fpu_exception	: yes
cpuid level	: 13
wp		: yes
flags		: fpu vme de pse tsc msr pae mce cx8 apic sep mtrr pge mca cmov pat pse36 clflush mmx fxsr sse sse2 ht syscall nx rdtscp lm constant_tsc rep_good nopl xtopology cpuid pni pclmulqdq ssse3 fma cx16 pcid sse4_1 sse4_2 x2apic movbe popcnt tsc_deadline_timer aes xsave avx f16c rdrand hypervisor lahf_lm abm cpuid_fault invpcid_single pti fsgsbase bmi1 avx2 smep bmi2 erms invpcid xsaveopt
bugs		: cpu_meltdown spectre_v1 spectre_v2 spec_store_bypass l1tf
bogomips	: 4600.14
clflush size	: 64
cache_alignment	: 64
address sizes	: 46 bits physical, 48 bits virtual
power management:

processor	: 1
vendor_id	: GenuineIntel
cpu family	: 6
model		: 79
model name	: Intel(R) Xeon(R) CPU E5-2686 v4 @ 2.30GHz
stepping	: 1
microcode	: 0xb000038
cpu MHz		: 2299.983
cache size	: 46080 KB
physical id	: 0
siblings	: 2
core id		: 1
cpu cores	: 2
apicid		: 2
initial apicid	: 2
fpu		: yes
fpu_exception	: yes
cpuid level	: 13
wp		: yes
flags		: fpu vme de pse tsc msr pae mce cx8 apic sep mtrr pge mca cmov pat pse36 clflush mmx fxsr sse sse2 ht syscall nx rdtscp lm constant_tsc rep_good nopl xtopology cpuid pni pclmulqdq ssse3 fma cx16 pcid sse4_1 sse4_2 x2apic movbe popcnt tsc_deadline_timer aes xsave avx f16c rdrand hypervisor lahf_lm abm cpuid_fault invpcid_single pti fsgsbase bmi1 avx2 smep bmi2 erms invpcid xsaveopt
bugs		: cpu_meltdown spectre_v1 spectre_v2 spec_store_bypass l1tf
bogomips	: 4600.14
clflush size	: 64
cache_alignment	: 64
address sizes	: 46 bits physical, 48 bits virtual
power management:



Memory: 4k page, physical 4038192k(143344k free), swap 0k(0k free)

vm_info: OpenJDK 64-Bit Server VM (25.252-b09) for linux-amd64 JRE (1.8.0_252-8u252-b09-1~18.04-b09), built on Apr 15 2020 18:48:05 by "buildd" with gcc 7.5.0

time: Tue May 19 04:49:24 2020
timezone: UTC
elapsed time: 163211 seconds (1d 21h 20m 11s)

