[21:18:34] [main/DEBUG] [FML/]: Injecting tracing printstreams for STDOUT/STDERR.
[21:18:34] [main/INFO] [FML/]: Forge Mod Loader version 14.21.1.2443 for Minecraft 1.12 loading
[21:18:34] [main/INFO] [FML/]: Java is Java HotSpot(TM) Client VM, version 1.8.0_241, running on Windows 10:x86:10.0, installed at C:\Program Files (x86)\Java\jre1.8.0_241
[21:18:34] [main/DEBUG] [FML/]: Java classpath at launch is C:\Users\alfre\Desktop\server\forge-1.12-14.21.1.2443-universal.jar
[21:18:34] [main/DEBUG] [FML/]: Java library path at launch is C:\Program Files (x86)\Java\jre1.8.0_241\bin;C:\WINDOWS\Sun\Java\bin;C:\WINDOWS\system32;C:\WINDOWS;C:\Program Files (x86)\Common Files\Oracle\Java\javapath;d:\programs\graphicsmagick-1.3.33-q16;C:\Windows\system32;C:\Windows;C:\Windows\System32\Wbem;C:\Windows\System32\WindowsPowerShell\v1.0\;C:\Windows\System32\OpenSSH\;D:\Programs\nodejs\;D:\Programs\Git\cmd;D:\Programs\PuTTY\;C:\Program Files (x86)\Google\Cloud SDK\google-cloud-sdk\bin;D:\Programs\PDFtk\bin\;C:\WINDOWS\system32;C:\WINDOWS;C:\WINDOWS\System32\Wbem;C:\WINDOWS\System32\WindowsPowerShell\v1.0\;C:\WINDOWS\System32\OpenSSH\;C:\Program Files\MongoDB\Server\4.2\bin;C:\Program Files\MySQL\MySQL Shell 8.0\bin\;D:\Programs\Microsoft VS Code\bin;C:\Users\alfre\AppData\Roaming\npm;D:\Programs\GraphicsMagick-1.3.33-Q16;D:\Programs\PDFtk\bin;C:\Users\alfre\AppData\Local\Microsoft\WindowsApps;D:\Programs\CodeBlocks\MinGW\bin;;.
[21:18:34] [main/DEBUG] [FML/]: Enabling runtime deobfuscation
[21:18:34] [main/DEBUG] [FML/]: Instantiating coremod class FMLCorePlugin
[21:18:34] [main/DEBUG] [FML/]: Found signing certificates for coremod FMLCorePlugin (net.minecraftforge.fml.relauncher.FMLCorePlugin)
[21:18:34] [main/DEBUG] [FML/]: Found certificate e3c3d50c7c986df74c645c0ac54639741c90a557
[21:18:34] [main/DEBUG] [FML/]: Added access transformer class net.minecraftforge.fml.common.asm.transformers.AccessTransformer to enqueued access transformers
[21:18:34] [main/DEBUG] [FML/]: Enqueued coremod FMLCorePlugin
[21:18:34] [main/DEBUG] [FML/]: Instantiating coremod class FMLForgePlugin
[21:18:34] [main/DEBUG] [FML/]: Found signing certificates for coremod FMLForgePlugin (net.minecraftforge.classloading.FMLForgePlugin)
[21:18:34] [main/DEBUG] [FML/]: Found certificate e3c3d50c7c986df74c645c0ac54639741c90a557
[21:18:34] [main/DEBUG] [FML/]: Enqueued coremod FMLForgePlugin
[21:18:34] [main/DEBUG] [FML/]: All fundamental core mods are successfully located
[21:18:34] [main/DEBUG] [FML/]: Attempting to load commandline specified mods, relative to C:\Users\alfre\Desktop\server\.
[21:18:34] [main/DEBUG] [FML/]: Adding net.minecraftforge:MercuriusUpdater (C:\Users\alfre\Desktop\server\libraries\net\minecraftforge\MercuriusUpdater\1.12\MercuriusUpdater-1.12.jar) to the mod list
[21:18:34] [main/DEBUG] [FML/]: Discovering coremods
[21:18:34] [main/DEBUG] [FML/]: Examining for coremod candidacy [1.12.2]DamageIndicatorsMod-3.5.1.jar
[21:18:34] [main/DEBUG] [FML/]: Not found coremod data in [1.12.2]DamageIndicatorsMod-3.5.1.jar
[21:18:34] [main/DEBUG] [FML/]: Examining for coremod candidacy [1.7.10][SMP]DivineRPG-1.4.1.5.jar
[21:18:34] [main/DEBUG] [FML/]: Not found coremod data in [1.7.10][SMP]DivineRPG-1.4.1.5.jar
[21:18:34] [main/DEBUG] [FML/]: Examining for coremod candidacy backpack-3.0.2-1.12.2.jar
[21:18:34] [main/DEBUG] [FML/]: Not found coremod data in backpack-3.0.2-1.12.2.jar
[21:18:34] [main/DEBUG] [FML/]: Examining for coremod candidacy MercuriusUpdater-1.12.jar
[21:18:34] [main/DEBUG] [FML/]: Not found coremod data in MercuriusUpdater-1.12.jar
[21:18:34] [main/INFO] [LaunchWrapper/]: Loading tweak class name net.minecraftforge.fml.common.launcher.FMLInjectionAndSortingTweaker
[21:18:34] [main/INFO] [LaunchWrapper/]: Loading tweak class name net.minecraftforge.fml.common.launcher.FMLDeobfTweaker
[21:18:34] [main/INFO] [LaunchWrapper/]: Calling tweak class net.minecraftforge.fml.common.launcher.FMLInjectionAndSortingTweaker
[21:18:34] [main/INFO] [LaunchWrapper/]: Calling tweak class net.minecraftforge.fml.common.launcher.FMLInjectionAndSortingTweaker
[21:18:34] [main/INFO] [LaunchWrapper/]: Calling tweak class net.minecraftforge.fml.relauncher.CoreModManager$FMLPluginWrapper
[21:18:34] [main/DEBUG] [FML/]: Injecting coremod FMLCorePlugin \{net.minecraftforge.fml.relauncher.FMLCorePlugin\} class transformers
[21:18:34] [main/TRACE] [FML/]: Registering transformer net.minecraftforge.fml.common.asm.transformers.BlamingTransformer
[21:18:34] [main/TRACE] [FML/]: Registering transformer net.minecraftforge.fml.common.asm.transformers.SideTransformer
[21:18:34] [main/TRACE] [FML/]: Registering transformer net.minecraftforge.fml.common.asm.transformers.EventSubscriptionTransformer
[21:18:34] [main/TRACE] [FML/]: Registering transformer net.minecraftforge.fml.common.asm.transformers.EventSubscriberTransformer
[21:18:34] [main/DEBUG] [FML/]: Injection complete
[21:18:34] [main/DEBUG] [FML/]: Running coremod plugin for FMLCorePlugin \{net.minecraftforge.fml.relauncher.FMLCorePlugin\}
[21:18:34] [main/DEBUG] [FML/]: Running coremod plugin FMLCorePlugin
[21:18:35] [main/DEBUG] [FML/]: Injecting tracing printstreams for STDOUT/STDERR.
[21:18:35] [main/DEBUG] [FML/]: Read 1066 binary patches
[21:18:35] [main/DEBUG] [FML/]: Loading deobfuscation resource /deobfuscation_data-1.12.lzma with 36066 records
[21:18:36] [main/INFO] [FML/]: Found valid fingerprint for Minecraft Forge. Certificate fingerprint e3c3d50c7c986df74c645c0ac54639741c90a557
[21:18:36] [main/DEBUG] [FML/]: Coremod plugin class FMLCorePlugin run successfully
[21:18:36] [main/INFO] [LaunchWrapper/]: Calling tweak class net.minecraftforge.fml.relauncher.CoreModManager$FMLPluginWrapper
[21:18:36] [main/DEBUG] [FML/]: Injecting coremod FMLForgePlugin \{net.minecraftforge.classloading.FMLForgePlugin\} class transformers
[21:18:36] [main/DEBUG] [FML/]: Injection complete
[21:18:36] [main/DEBUG] [FML/]: Running coremod plugin for FMLForgePlugin \{net.minecraftforge.classloading.FMLForgePlugin\}
[21:18:36] [main/DEBUG] [FML/]: Running coremod plugin FMLForgePlugin
[21:18:36] [main/DEBUG] [FML/]: Coremod plugin class FMLForgePlugin run successfully
[21:18:36] [main/INFO] [LaunchWrapper/]: Calling tweak class net.minecraftforge.fml.common.launcher.FMLDeobfTweaker
[21:18:36] [main/DEBUG] [FML/]: Loaded 206 rules from AccessTransformer config file forge_at.cfg
[21:18:36] [main/DEBUG] [FML/]: Validating minecraft
[21:18:36] [main/DEBUG] [FML/]: Minecraft validated, launching...
[21:18:36] [main/INFO] [LaunchWrapper/]: Loading tweak class name net.minecraftforge.fml.common.launcher.TerminalTweaker
[21:18:36] [main/INFO] [LaunchWrapper/]: Calling tweak class net.minecraftforge.fml.common.launcher.TerminalTweaker
[21:18:37] [main/INFO] [LaunchWrapper/]: Launching wrapped minecraft {net.minecraft.server.MinecraftServer}
[21:18:39] [main/DEBUG] [FML/]: Creating vanilla freeze snapshot
[21:18:39] [main/DEBUG] [FML/]: Vanilla freeze snapshot created
