[21:23:13] [Server thread/INFO]: Starting minecraft server version 1.12
[21:23:13] [Server thread/WARN]: To start the server with more ram, launch it as "java -Xmx1024M -Xms1024M -jar minecraft_server.jar"
[21:23:13] [Server console handler/ERROR]: Exception handling console input
java.io.IOException: Controlador no válido
	at java.io.FileInputStream.readBytes(Native Method) ~[?:1.8.0_241]
	at java.io.FileInputStream.read(Unknown Source) ~[?:1.8.0_241]
	at java.io.BufferedInputStream.read1(Unknown Source) ~[?:1.8.0_241]
	at java.io.BufferedInputStream.read(Unknown Source) ~[?:1.8.0_241]
	at sun.nio.cs.StreamDecoder.readBytes(Unknown Source) ~[?:1.8.0_241]
	at sun.nio.cs.StreamDecoder.implRead(Unknown Source) ~[?:1.8.0_241]
	at sun.nio.cs.StreamDecoder.read(Unknown Source) ~[?:1.8.0_241]
	at java.io.InputStreamReader.read(Unknown Source) ~[?:1.8.0_241]
	at java.io.BufferedReader.fill(Unknown Source) ~[?:1.8.0_241]
	at java.io.BufferedReader.readLine(Unknown Source) ~[?:1.8.0_241]
	at java.io.BufferedReader.readLine(Unknown Source) ~[?:1.8.0_241]
	at net.minecraft.server.dedicated.DedicatedServer$2.run(DedicatedServer.java:102) [nx$2.class:?]
[21:23:16] [Server thread/ERROR]: Encountered an unexpected exception
java.lang.NullPointerException: null
	at net.minecraftforge.fml.common.versioning.ComparableVersion.parseVersion(ComparableVersion.java:371) ~[ComparableVersion.class:?]
	at net.minecraftforge.fml.common.versioning.ComparableVersion.<init>(ComparableVersion.java:362) ~[ComparableVersion.class:?]
	at net.minecraftforge.fml.common.versioning.DefaultArtifactVersion.<init>(DefaultArtifactVersion.java:31) ~[DefaultArtifactVersion.class:?]
	at net.minecraftforge.fml.common.versioning.DefaultArtifactVersion.<init>(DefaultArtifactVersion.java:42) ~[DefaultArtifactVersion.class:?]
	at net.minecraftforge.fml.common.FMLModContainer.getProcessedVersion(FMLModContainer.java:628) ~[FMLModContainer.class:?]
	at net.minecraftforge.fml.common.Loader.sortModList(Loader.java:235) ~[Loader.class:?]
	at net.minecraftforge.fml.common.Loader.loadMods(Loader.java:547) ~[Loader.class:?]
	at net.minecraftforge.fml.server.FMLServerHandler.beginServerLoading(FMLServerHandler.java:97) ~[FMLServerHandler.class:?]
	at net.minecraftforge.fml.common.FMLCommonHandler.onServerStart(FMLCommonHandler.java:331) ~[FMLCommonHandler.class:?]
	at net.minecraft.server.dedicated.DedicatedServer.func_71197_b(DedicatedServer.java:122) ~[nx.class:?]
	at net.minecraft.server.MinecraftServer.run(MinecraftServer.java:483) [MinecraftServer.class:?]
	at java.lang.Thread.run(Unknown Source) [?:1.8.0_241]
[21:23:16] [Server thread/ERROR]: This crash report has been saved to: C:\Users\alfre\Desktop\server\.\crash-reports\crash-2020-04-18_21.23.16-server.txt
[21:23:16] [Server thread/INFO]: Stopping server
[21:23:16] [Server thread/INFO]: Saving worlds
[21:23:16] [Server Shutdown Thread/INFO]: Stopping server
[21:23:16] [Server Shutdown Thread/INFO]: Saving worlds
